102.11.17 12:45 B C:\temp\csev\projects\cb2k\alpha\cb18.sit.hqx <-- netfact /Inetpub/wwwroot/netfact/csev/projects/cb2k/alpha cb18.sit.hqx
102.11.17 12:45 B C:\temp\csev\projects\cb2k\alpha\cb19.sit.hqx <-- netfact /Inetpub/wwwroot/netfact/csev/projects/cb2k/alpha cb19.sit.hqx
102.11.17 12:45 B C:\temp\csev\projects\cb2k\alpha\clipboard-2000-a1.sit <-- netfact /Inetpub/wwwroot/netfact/csev/projects/cb2k/alpha clipboard-2000-a1.sit
102.11.17 12:45 B C:\temp\csev\projects\cb2k\alpha\clipboard-2000-a10.sit.hqx <-- netfact /Inetpub/wwwroot/netfact/csev/projects/cb2k/alpha clipboard-2000-a10.sit.hqx
102.11.17 12:45 B C:\temp\csev\projects\cb2k\alpha\clipboard-2000-a11.sit.hqx <-- netfact /Inetpub/wwwroot/netfact/csev/projects/cb2k/alpha clipboard-2000-a11.sit.hqx
102.11.17 12:45 B C:\temp\csev\projects\cb2k\alpha\clipboard-2000-a12.sit.hqx <-- netfact /Inetpub/wwwroot/netfact/csev/projects/cb2k/alpha clipboard-2000-a12.sit.hqx
102.11.17 12:45 B C:\temp\csev\projects\cb2k\alpha\clipboard-2000-a13.sit.hqx <-- netfact /Inetpub/wwwroot/netfact/csev/projects/cb2k/alpha clipboard-2000-a13.sit.hqx
102.11.17 12:45 B C:\temp\csev\projects\cb2k\alpha\clipboard-2000-a14.sit.hqx <-- netfact /Inetpub/wwwroot/netfact/csev/projects/cb2k/alpha clipboard-2000-a14.sit.hqx
102.11.17 12:46 B C:\temp\csev\projects\cb2k\alpha\clipboard-2000-a15.sit.hqx <-- netfact /Inetpub/wwwroot/netfact/csev/projects/cb2k/alpha clipboard-2000-a15.sit.hqx
102.11.17 12:46 B C:\temp\csev\projects\cb2k\alpha\clipboard-2000-a16.sit.hqx <-- netfact /Inetpub/wwwroot/netfact/csev/projects/cb2k/alpha clipboard-2000-a16.sit.hqx
102.11.17 12:46 B C:\temp\csev\projects\cb2k\alpha\clipboard-2000-a17.sit.hqx <-- netfact /Inetpub/wwwroot/netfact/csev/projects/cb2k/alpha clipboard-2000-a17.sit.hqx
102.11.17 12:46 B C:\temp\csev\projects\cb2k\alpha\clipboard-2000-a18.sit.hqx <-- netfact /Inetpub/wwwroot/netfact/csev/projects/cb2k/alpha clipboard-2000-a18.sit.hqx
102.11.17 12:46 B C:\temp\csev\projects\cb2k\alpha\clipboard-2000-a2.sit <-- netfact /Inetpub/wwwroot/netfact/csev/projects/cb2k/alpha clipboard-2000-a2.sit
102.11.17 12:46 B C:\temp\csev\projects\cb2k\alpha\clipboard-2000-a3.sit <-- netfact /Inetpub/wwwroot/netfact/csev/projects/cb2k/alpha clipboard-2000-a3.sit
102.11.17 12:46 B C:\temp\csev\projects\cb2k\alpha\clipboard-2000-a4.sit <-- netfact /Inetpub/wwwroot/netfact/csev/projects/cb2k/alpha clipboard-2000-a4.sit
102.11.17 12:46 B C:\temp\csev\projects\cb2k\alpha\clipboard-2000-a4.sit.hqx <-- netfact /Inetpub/wwwroot/netfact/csev/projects/cb2k/alpha clipboard-2000-a4.sit.hqx
102.11.17 12:47 B C:\temp\csev\projects\cb2k\alpha\clipboard-2000-a5.sit.hqx <-- netfact /Inetpub/wwwroot/netfact/csev/projects/cb2k/alpha clipboard-2000-a5.sit.hqx
102.11.17 12:47 B C:\temp\csev\projects\cb2k\alpha\clipboard-2000-a6.sit.hqx <-- netfact /Inetpub/wwwroot/netfact/csev/projects/cb2k/alpha clipboard-2000-a6.sit.hqx
102.11.17 12:47 B C:\temp\csev\projects\cb2k\alpha\clipboard-2000-a7.sit.hqx <-- netfact /Inetpub/wwwroot/netfact/csev/projects/cb2k/alpha clipboard-2000-a7.sit.hqx
102.11.17 12:47 B C:\temp\csev\projects\cb2k\alpha\clipboard-2000-a8.sit.hqx <-- netfact /Inetpub/wwwroot/netfact/csev/projects/cb2k/alpha clipboard-2000-a8.sit.hqx
102.11.17 12:47 B C:\temp\csev\projects\cb2k\alpha\clipboard-2000-a9.sit.hqx <-- netfact /Inetpub/wwwroot/netfact/csev/projects/cb2k/alpha clipboard-2000-a9.sit.hqx
102.11.17 12:47 B C:\temp\csev\projects\cb2k\alpha\giosue.sit.hqx <-- netfact /Inetpub/wwwroot/netfact/csev/projects/cb2k/alpha giosue.sit.hqx
102.11.17 12:47 B C:\temp\csev\projects\cb2k\alpha\giosue2.sit.hqx <-- netfact /Inetpub/wwwroot/netfact/csev/projects/cb2k/alpha giosue2.sit.hqx
102.11.17 12:47 B C:\temp\csev\projects\cb2k\alpha\index-a1.htm <-- netfact /Inetpub/wwwroot/netfact/csev/projects/cb2k/alpha index-a1.htm
102.11.17 12:48 B C:\temp\csev\projects\cb2k\alpha\index-a10.htm <-- netfact /Inetpub/wwwroot/netfact/csev/projects/cb2k/alpha index-a10.htm
102.11.17 12:48 B C:\temp\csev\projects\cb2k\alpha\index-a11.htm <-- netfact /Inetpub/wwwroot/netfact/csev/projects/cb2k/alpha index-a11.htm
102.11.17 12:48 B C:\temp\csev\projects\cb2k\alpha\index-a12.htm <-- netfact /Inetpub/wwwroot/netfact/csev/projects/cb2k/alpha index-a12.htm
102.11.17 12:48 B C:\temp\csev\projects\cb2k\alpha\index-a13.htm <-- netfact /Inetpub/wwwroot/netfact/csev/projects/cb2k/alpha index-a13.htm
102.11.17 12:48 B C:\temp\csev\projects\cb2k\alpha\index-a14.htm <-- netfact /Inetpub/wwwroot/netfact/csev/projects/cb2k/alpha index-a14.htm
102.11.17 12:48 B C:\temp\csev\projects\cb2k\alpha\index-a15.htm <-- netfact /Inetpub/wwwroot/netfact/csev/projects/cb2k/alpha index-a15.htm
102.11.17 12:48 B C:\temp\csev\projects\cb2k\alpha\index-a16.htm <-- netfact /Inetpub/wwwroot/netfact/csev/projects/cb2k/alpha index-a16.htm
102.11.17 12:48 B C:\temp\csev\projects\cb2k\alpha\index-a17.htm <-- netfact /Inetpub/wwwroot/netfact/csev/projects/cb2k/alpha index-a17.htm
102.11.17 12:48 B C:\temp\csev\projects\cb2k\alpha\index-a18.htm <-- netfact /Inetpub/wwwroot/netfact/csev/projects/cb2k/alpha index-a18.htm
102.11.17 12:48 B C:\temp\csev\projects\cb2k\alpha\index-a19.htm <-- netfact /Inetpub/wwwroot/netfact/csev/projects/cb2k/alpha index-a19.htm
102.11.17 12:48 B C:\temp\csev\projects\cb2k\alpha\index-a2.htm <-- netfact /Inetpub/wwwroot/netfact/csev/projects/cb2k/alpha index-a2.htm
102.11.17 12:48 B C:\temp\csev\projects\cb2k\alpha\index-a3.htm <-- netfact /Inetpub/wwwroot/netfact/csev/projects/cb2k/alpha index-a3.htm
102.11.17 12:48 B C:\temp\csev\projects\cb2k\alpha\index-a5.htm <-- netfact /Inetpub/wwwroot/netfact/csev/projects/cb2k/alpha index-a5.htm
102.11.17 12:48 B C:\temp\csev\projects\cb2k\alpha\index-a6.htm <-- netfact /Inetpub/wwwroot/netfact/csev/projects/cb2k/alpha index-a6.htm
102.11.17 12:48 B C:\temp\csev\projects\cb2k\alpha\index-a7.htm <-- netfact /Inetpub/wwwroot/netfact/csev/projects/cb2k/alpha index-a7.htm
102.11.17 12:48 B C:\temp\csev\projects\cb2k\alpha\index-a8.htm <-- netfact /Inetpub/wwwroot/netfact/csev/projects/cb2k/alpha index-a8.htm
102.11.17 12:48 B C:\temp\csev\projects\cb2k\alpha\index-a9.htm <-- netfact /Inetpub/wwwroot/netfact/csev/projects/cb2k/alpha index-a9.htm
102.11.17 12:48 B C:\temp\csev\projects\cb2k\alpha\index.htm <-- netfact /Inetpub/wwwroot/netfact/csev/projects/cb2k/alpha index.htm
102.11.17 12:48 B C:\temp\csev\projects\cb2k\alpha\issues.htm <-- netfact /Inetpub/wwwroot/netfact/csev/projects/cb2k/alpha issues.htm
102.11.17 12:49 B C:\temp\csev\projects\cb2k\alpha\playback.htm <-- netfact /Inetpub/wwwroot/netfact/csev/projects/cb2k/alpha playback.htm
102.11.17 12:49 B C:\temp\csev\projects\cb2k\alpha\questions.htm <-- netfact /Inetpub/wwwroot/netfact/csev/projects/cb2k/alpha questions.htm
102.11.17 12:49 B C:\temp\csev\projects\cb2k\alpha\repos.htm <-- netfact /Inetpub/wwwroot/netfact/csev/projects/cb2k/alpha repos.htm
102.11.17 12:49 B C:\temp\csev\projects\cb2k\alpha\todo.htm <-- netfact /Inetpub/wwwroot/netfact/csev/projects/cb2k/alpha todo.htm
